Performing C++ SOURCE FILE Test CMAKE_HAVE_LIBC_PTHREAD failed with the following output:
Change Dir: /home/blank/Projects/WallpaperApp-Qt/build/CMakeFiles/CMakeTmp

Run Build Command(s):/usr/bin/make cmTC_cc93d/fast && /usr/bin/make  -f CMakeFiles/cmTC_cc93d.dir/build.make CMakeFiles/cmTC_cc93d.dir/build
make[1]: Entering directory '/home/blank/Projects/WallpaperApp-Qt/build/CMakeFiles/CMakeTmp'
Building CXX object CMakeFiles/cmTC_cc93d.dir/src.cxx.o
/usr/bin/c++ -DCMAKE_HAVE_LIBC_PTHREAD  -std=gnu++11 -o CMakeFiles/cmTC_cc93d.dir/src.cxx.o -c /home/blank/Projects/WallpaperApp-Qt/build/CMakeFiles/CMakeTmp/src.cxx
Linking CXX executable cmTC_cc93d
/usr/bin/cmake -E cmake_link_script CMakeFiles/cmTC_cc93d.dir/link.txt --verbose=1
/usr/bin/c++ CMakeFiles/cmTC_cc93d.dir/src.cxx.o -o cmTC_cc93d 
/usr/bin/ld: CMakeFiles/cmTC_cc93d.dir/src.cxx.o: in function `main':
src.cxx:(.text+0x3e): undefined reference to `pthread_create'
/usr/bin/ld: src.cxx:(.text+0x4a): undefined reference to `pthread_detach'
/usr/bin/ld: src.cxx:(.text+0x56): undefined reference to `pthread_cancel'
/usr/bin/ld: src.cxx:(.text+0x67): undefined reference to `pthread_join'
collect2: error: ld returned 1 exit status
make[1]: *** [CMakeFiles/cmTC_cc93d.dir/build.make:106: cmTC_cc93d] Error 1
make[1]: Leaving directory '/home/blank/Projects/WallpaperApp-Qt/build/CMakeFiles/CMakeTmp'
make: *** [Makefile:140: cmTC_cc93d/fast] Error 2


Source file was:
#include <pthread.h>

static void* test_func(void* data)
{
  return data;
}

int main(void)
{
  pthread_t thread;
  pthread_create(&thread, NULL, test_func, NULL);
  pthread_detach(thread);
  pthread_cancel(thread);
  pthread_join(thread, NULL);
  pthread_atfork(NULL, NULL, NULL);
  pthread_exit(NULL);

  return 0;
}

